2025/01/21 11:10:30 an option was clicked! 
 
2025/01/21 11:10:31 an option was clicked! 
 
2025/01/21 11:10:31 an option was clicked! 
 
2025/01/21 11:12:20 an option was clicked! 
 
2025/01/21 11:12:21 an option was clicked! 
 
2025/01/21 11:12:21 an option was clicked! 
 
2025/01/21 11:12:22 an option was clicked! 
 
2025/01/21 11:12:22 an option was clicked! 
 
2025/01/21 11:12:23 an option was clicked! 
 
2025/01/21 11:14:05 an option was clicked! 
 
2025/01/21 11:14:06 an option was clicked! 
 
2025/01/21 11:14:06 an option was clicked! 
 
2025/01/21 11:15:05 an option was clicked! 
2025/01/21 11:15:06 an option was clicked! 
2025/01/21 11:15:06 an option was clicked! 
2025/01/21 11:15:06 an option was clicked! 
2025/01/21 11:15:06 an option was clicked! 
2025/01/21 11:16:01 an option was clicked! 
2025/01/21 11:16:03 an option was clicked! 
2025/01/21 11:16:03 an option was clicked! 
2025/01/21 11:16:03 an option was clicked! 
2025/01/21 11:16:04 an option was clicked! 
2025/01/21 11:16:04 an option was clicked! 
2025/01/21 11:16:04 an option was clicked! 
2025/01/21 11:16:04 an option was clicked! 
2025/01/21 11:16:04 an option was clicked! 
2025/01/21 11:16:04 an option was clicked! 
2025/01/21 11:16:04 an option was clicked! 
2025/01/21 11:16:05 an option was clicked! 
2025/01/21 11:16:05 an option was clicked! 
2025/01/21 11:16:05 an option was clicked! 
2025/01/21 11:16:05 an option was clicked! 
2025/01/21 12:11:05 an option was clicked! 
2025/01/21 12:11:10 an option was clicked! 
2025/01/21 12:12:56 an option was clicked! 
2025/01/21 12:12:56 an option was clicked! 
2025/01/21 12:12:57 an option was clicked! 
2025/01/21 12:12:57 an option was clicked! 
2025/01/21 12:12:57 an option was clicked! 
2025/01/21 12:12:57 an option was clicked! 
2025/01/21 12:12:57 an option was clicked! 
2025/01/21 16:06:16 an option was clicked! 
2025/01/21 16:06:16 an option was clicked! 
2025/01/21 16:07:37 an option was clicked! 
2025/01/21 16:07:37 an option was clicked! 
2025/01/21 16:07:37 an option was clicked! 
2025/01/21 16:07:38 an option was clicked! 
2025/01/21 17:19:30 Update ran
2025/01/21 17:19:30 Update ran
2025/01/21 19:28:37 making moves
2025/01/21 19:28:37 Update ran
2025/01/21 19:28:37 Update ran
2025/01/21 19:29:12 making moves
2025/01/21 19:29:12 Update ran
2025/01/21 19:29:12 Update ran
2025/01/21 19:29:12 Update ran
2025/01/21 21:01:43 Update ran
2025/01/21 21:01:45 making moves
2025/01/21 21:01:45 Update ran
2025/01/21 21:01:45 Update ran
2025/01/21 21:01:45 Update ran
2025/01/21 21:01:48 Update ran
2025/01/21 21:01:48 Update ran
2025/01/21 21:01:48 Update ran
2025/01/21 21:01:49 Update ran
2025/01/21 21:01:50 Update ran
2025/01/21 21:01:50 Update ran
2025/01/21 21:01:51 Update ran
2025/01/21 21:01:51 Update ran
2025/01/21 21:01:51 Update ran
2025/01/21 21:01:52 Update ran
2025/01/21 21:01:52 Update ran
2025/01/21 21:01:53 Update ran
2025/01/21 21:01:53 Update ran
2025/01/21 21:01:54 Update ran
2025/01/21 21:01:54 Update ran
2025/01/21 21:01:54 Update ran
2025/01/21 21:01:55 Update ran
2025/01/21 21:01:55 Update ran
2025/01/21 21:01:55 Update ran
2025/01/21 21:01:56 Update ran
2025/01/21 21:01:56 Update ran
2025/01/21 21:01:56 Update ran
2025/01/21 21:01:56 Update ran
2025/01/21 21:01:57 Update ran
2025/01/21 21:01:57 Update ran
2025/01/21 21:01:57 Update ran
2025/01/21 21:01:58 Update ran
2025/01/21 21:01:58 Update ran
2025/01/21 21:01:58 Update ran
2025/01/21 21:01:59 Update ran
2025/01/21 21:02:03 Update ran
2025/01/21 21:02:04 Update ran
2025/01/21 21:02:04 Update ran
2025/01/21 21:02:04 Update ran
2025/01/21 21:02:05 Update ran
2025/01/21 21:02:05 Update ran
2025/01/21 21:02:06 Update ran
2025/01/21 21:02:06 Update ran
2025/01/21 21:02:06 Update ran
2025/01/21 21:02:07 Update ran
2025/01/21 21:03:00 Update ran
2025/01/21 21:03:01 Update ran
2025/01/21 21:03:01 Update ran
2025/01/21 21:03:04 Update ran
2025/01/21 21:03:05 Update ran
2025/01/21 21:03:05 Update ran
2025/01/21 21:03:06 Update ran
2025/01/21 21:03:06 Update ran
2025/01/21 21:03:07 Update ran
2025/01/21 21:03:07 Update ran
2025/01/21 21:03:07 Update ran
2025/01/21 21:03:08 Update ran
2025/01/21 21:03:08 Update ran
2025/01/21 21:03:16 Update ran
2025/01/21 21:24:05 making moves
2025/01/21 21:24:05 Update ran
2025/01/21 21:24:05 Update ran
2025/01/21 21:24:05 Update ran
2025/01/21 21:24:07 Update ran
2025/01/21 21:24:07 Update ran
2025/01/21 21:24:07 Update ran
2025/01/21 21:24:08 Update ran
2025/01/21 21:24:08 Update ran
2025/01/21 21:24:08 Update ran
2025/01/21 21:24:09 Update ran
2025/01/21 21:24:09 Update ran
2025/01/21 21:24:10 Update ran
2025/01/21 21:24:10 Update ran
2025/01/21 21:24:10 Update ran
2025/01/21 21:24:11 Update ran
2025/01/21 21:24:11 Update ran
2025/01/21 21:38:23 Update ran
2025/01/21 21:38:26 making moves
2025/01/21 21:38:26 Update ran
2025/01/21 21:38:26 Update ran
2025/01/21 21:38:26 Update ran
2025/01/21 21:38:27 Update ran
2025/01/21 21:38:27 Update ran
2025/01/21 21:38:27 Update ran
2025/01/21 21:38:28 Update ran
2025/01/21 21:38:28 Update ran
2025/01/21 21:38:28 Update ran
2025/01/21 21:38:28 Update ran
2025/01/21 21:38:28 Update ran
2025/01/21 21:38:29 Update ran
2025/01/21 21:38:30 Update ran
2025/01/21 22:04:50 making moves
2025/01/21 22:04:50 Update ran
2025/01/21 22:04:50 Update ran
2025/01/21 22:04:50 Update ran
2025/01/21 22:04:52 Update ran
2025/01/21 22:04:52 enter was pressed
2025/01/21 22:04:52 Update ran
2025/01/21 22:04:52 enter was pressed
2025/01/21 22:04:53 Update ran
2025/01/21 22:04:53 enter was pressed
2025/01/21 22:04:53 Update ran
2025/01/21 22:04:53 enter was pressed
2025/01/21 22:04:53 Update ran
2025/01/21 22:04:53 enter was pressed
2025/01/21 22:04:53 Update ran
2025/01/21 22:04:53 enter was pressed
2025/01/21 22:04:53 Update ran
2025/01/21 22:04:53 enter was pressed
2025/01/21 22:04:54 Update ran
2025/01/21 22:04:54 enter was pressed
2025/01/21 22:04:54 Update ran
2025/01/21 22:04:54 enter was pressed
2025/01/21 22:04:54 Update ran
2025/01/21 22:04:54 enter was pressed
2025/01/21 22:04:55 Update ran
2025/01/21 22:04:56 Update ran
2025/01/21 22:04:58 Update ran
2025/01/21 22:05:02 Update ran
2025/01/21 22:05:08 Update ran
2025/01/21 22:05:10 Update ran
2025/01/21 22:05:10 Update ran
2025/01/21 22:05:13 Update ran
2025/01/21 22:05:13 Update ran
2025/01/21 22:05:13 Update ran
2025/01/21 22:05:14 Update ran
2025/01/21 22:05:14 Update ran
2025/01/21 22:05:14 Update ran
2025/01/21 22:05:14 enter was pressed
2025/01/21 22:05:14 Update ran
2025/01/21 22:05:14 enter was pressed
2025/01/21 22:05:14 Update ran
2025/01/21 22:05:14 enter was pressed
2025/01/21 22:05:23 Update ran
2025/01/21 22:05:23 Update ran
2025/01/21 22:05:23 Update ran
2025/01/21 22:05:25 Update ran
2025/01/21 22:05:26 Update ran
2025/01/21 22:05:26 Update ran
2025/01/21 22:05:26 Update ran
2025/01/21 22:05:26 Update ran
2025/01/21 22:05:31 Update ran
2025/01/21 22:05:32 Update ran
2025/01/21 22:05:32 Update ran
2025/01/21 22:05:32 Update ran
2025/01/21 22:05:33 Update ran
2025/01/21 22:05:34 Update ran
2025/01/21 22:15:38 making moves
2025/01/21 22:15:38 Update ran
2025/01/21 22:15:38 Update ran
2025/01/21 22:15:38 Update ran
2025/01/21 22:15:39 Update ran
2025/01/21 22:15:40 Update ran
2025/01/21 22:15:42 Update ran
2025/01/21 22:15:42 enter was pressed
2025/01/21 22:15:42 Update ran
2025/01/21 22:15:42 enter was pressed
2025/01/21 22:15:42 Update ran
2025/01/21 22:15:42 enter was pressed
2025/01/21 22:15:43 Update ran
2025/01/21 22:15:43 enter was pressed
2025/01/21 22:15:43 Update ran
2025/01/21 22:15:43 enter was pressed
2025/01/21 22:15:43 Update ran
2025/01/21 22:15:43 enter was pressed
2025/01/21 22:15:43 Update ran
2025/01/21 22:15:43 enter was pressed
2025/01/21 22:15:44 Update ran
2025/01/21 22:15:44 Update ran
2025/01/21 22:15:44 Update ran
2025/01/21 22:15:45 Update ran
2025/01/21 22:22:32 making moves
2025/01/21 22:22:32 Update ran
2025/01/21 22:22:32 Update ran
2025/01/21 22:22:32 Update ran
2025/01/21 22:22:34 Update ran
2025/01/21 22:22:35 Update ran
2025/01/21 22:22:35 Update ran
2025/01/21 22:22:35 Update ran
2025/01/21 22:22:35 Update ran
2025/01/21 22:22:36 Update ran
2025/01/21 22:22:36 Update ran
2025/01/21 22:22:36 Update ran
2025/01/21 22:22:36 Update ran
2025/01/21 22:22:37 Update ran
2025/01/21 22:22:37 Update ran
2025/01/21 22:22:37 Update ran
2025/01/21 22:22:37 Update ran
2025/01/21 22:22:38 Update ran
2025/01/21 22:22:38 Update ran
2025/01/21 22:22:40 Update ran
2025/01/21 22:22:40 Update ran
2025/01/21 22:22:40 Update ran
2025/01/21 22:22:40 Update ran
2025/01/21 22:22:41 Update ran
2025/01/21 22:22:41 Update ran
2025/01/21 22:22:41 Update ran
2025/01/21 22:22:41 Update ran
2025/01/21 22:22:42 Update ran
2025/01/21 22:22:42 Update ran
2025/01/21 22:22:43 Update ran
2025/01/21 22:22:43 Update ran
2025/01/22 19:03:34 making moves
2025/01/22 19:03:34 Update ran
2025/01/22 19:03:34 Update ran
2025/01/22 19:08:47 making moves
2025/01/22 19:08:47 Update ran
2025/01/22 19:08:47 Update ran
2025/01/22 19:08:47 Update ran
2025/01/22 19:08:49 Update ran
2025/01/22 19:08:49 Update ran
2025/01/22 19:08:49 Update ran
2025/01/22 19:08:49 Update ran
2025/01/22 19:08:49 Update ran
2025/01/22 19:08:50 Update ran
2025/01/22 19:08:50 enter was pressed
2025/01/22 19:08:50 Update ran
2025/01/22 19:08:50 enter was pressed
2025/01/22 19:08:50 Update ran
2025/01/22 19:08:50 enter was pressed
2025/01/22 19:08:53 Update ran
2025/01/22 19:10:09 making moves
2025/01/22 19:10:09 Update ran
2025/01/22 19:10:09 Update ran
2025/01/22 19:10:09 Update ran
2025/01/22 19:10:10 Update ran
2025/01/22 19:10:10 down was pressed
2025/01/22 19:10:11 Update ran
2025/01/22 19:10:11 up was pressed
2025/01/22 19:10:11 Update ran
2025/01/22 19:10:11 up was pressed
2025/01/22 19:10:11 Update ran
2025/01/22 19:10:11 Update ran
2025/01/22 19:10:11 Update ran
2025/01/22 19:10:11 down was pressed
2025/01/22 19:10:11 Update ran
2025/01/22 19:10:11 Update ran
2025/01/22 19:10:11 Update ran
2025/01/22 19:10:11 Update ran
2025/01/22 19:10:11 down was pressed
2025/01/22 19:10:11 Update ran
2025/01/22 19:10:11 up was pressed
2025/01/22 19:10:11 Update ran
2025/01/22 19:10:11 Update ran
2025/01/22 19:10:11 up was pressed
2025/01/22 19:10:11 Update ran
2025/01/22 19:10:11 Update ran
2025/01/22 19:10:11 Update ran
2025/01/22 19:10:11 Update ran
2025/01/22 19:10:11 down was pressed
2025/01/22 19:10:12 Update ran
2025/01/22 19:10:12 up was pressed
2025/01/22 19:10:12 Update ran
2025/01/22 19:10:12 Update ran
2025/01/22 19:10:12 up was pressed
2025/01/22 19:10:12 Update ran
2025/01/22 19:10:12 down was pressed
2025/01/22 19:10:13 Update ran
2025/01/22 19:20:49 making moves
2025/01/22 19:20:49 Update ran
2025/01/22 19:20:49 Update ran
2025/01/22 19:20:49 Update ran
2025/01/22 19:20:52 Update ran
2025/01/22 19:20:52 down was pressed
2025/01/22 19:20:52 debug: cursor %d 0
2025/01/22 19:20:52 Update ran
2025/01/22 19:20:52 up was pressed
2025/01/22 19:20:52 debug: cursor %d 0
2025/01/22 19:20:52 Update ran
2025/01/22 19:20:52 down was pressed
2025/01/22 19:20:52 debug: cursor %d 0
2025/01/22 19:20:52 Update ran
2025/01/22 19:20:52 up was pressed
2025/01/22 19:20:52 debug: cursor %d 0
2025/01/22 19:20:52 Update ran
2025/01/22 19:20:52 down was pressed
2025/01/22 19:20:52 debug: cursor %d 0
2025/01/22 19:20:52 Update ran
2025/01/22 19:20:52 up was pressed
2025/01/22 19:20:52 debug: cursor %d 0
2025/01/22 19:20:53 Update ran
2025/01/22 19:20:53 down was pressed
2025/01/22 19:20:53 debug: cursor %d 0
2025/01/22 19:20:53 Update ran
2025/01/22 19:20:53 up was pressed
2025/01/22 19:20:53 debug: cursor %d 0
2025/01/22 19:20:53 Update ran
2025/01/22 19:20:53 down was pressed
2025/01/22 19:20:53 debug: cursor %d 0
2025/01/22 19:20:53 Update ran
2025/01/22 19:20:53 up was pressed
2025/01/22 19:20:53 debug: cursor %d 0
2025/01/22 19:20:53 Update ran
2025/01/22 19:20:53 down was pressed
2025/01/22 19:20:53 debug: cursor %d 0
2025/01/22 19:20:53 Update ran
2025/01/22 19:20:53 up was pressed
2025/01/22 19:20:53 debug: cursor %d 0
2025/01/22 19:20:54 Update ran
2025/01/22 19:20:54 down was pressed
2025/01/22 19:20:54 debug: cursor %d 0
2025/01/22 19:21:07 Update ran
2025/01/22 19:29:38 making moves
2025/01/22 19:29:38 Update ran
2025/01/22 19:29:38 Update ran
2025/01/22 19:29:38 Update ran
2025/01/22 19:29:40 Update ran
2025/01/22 19:29:40 down was pressed
2025/01/22 19:29:40 debug: cursor %d 0
2025/01/22 19:29:40 debug: cursor is less than length of options
2025/01/22 19:29:40 Update ran
2025/01/22 19:29:40 up was pressed
2025/01/22 19:29:40 debug: cursor %d 1
2025/01/22 19:29:40 debug: cursor is greater than 0
2025/01/22 19:29:41 Update ran
2025/01/22 19:29:41 down was pressed
2025/01/22 19:29:41 debug: cursor %d 0
2025/01/22 19:29:41 debug: cursor is less than length of options
2025/01/22 19:29:41 Update ran
2025/01/22 19:29:41 up was pressed
2025/01/22 19:29:41 debug: cursor %d 1
2025/01/22 19:29:41 debug: cursor is greater than 0
2025/01/22 19:29:41 Update ran
2025/01/22 19:29:41 down was pressed
2025/01/22 19:29:41 debug: cursor %d 0
2025/01/22 19:29:41 debug: cursor is less than length of options
2025/01/22 19:29:42 Update ran
2025/01/22 19:29:42 up was pressed
2025/01/22 19:29:42 debug: cursor %d 1
2025/01/22 19:29:42 debug: cursor is greater than 0
2025/01/22 19:29:42 Update ran
2025/01/22 19:29:42 down was pressed
2025/01/22 19:29:42 debug: cursor %d 0
2025/01/22 19:29:42 debug: cursor is less than length of options
2025/01/22 19:29:42 Update ran
2025/01/22 19:29:42 up was pressed
2025/01/22 19:29:42 debug: cursor %d 1
2025/01/22 19:29:42 debug: cursor is greater than 0
2025/01/22 19:29:42 Update ran
2025/01/22 19:29:42 down was pressed
2025/01/22 19:29:42 debug: cursor %d 0
2025/01/22 19:29:42 debug: cursor is less than length of options
2025/01/22 19:29:43 Update ran
2025/01/22 19:29:43 up was pressed
2025/01/22 19:29:43 debug: cursor %d 1
2025/01/22 19:29:43 debug: cursor is greater than 0
2025/01/22 19:29:43 Update ran
2025/01/22 19:29:43 down was pressed
2025/01/22 19:29:43 debug: cursor %d 0
2025/01/22 19:29:43 debug: cursor is less than length of options
2025/01/22 19:29:43 Update ran
2025/01/22 19:29:43 up was pressed
2025/01/22 19:29:43 debug: cursor %d 1
2025/01/22 19:29:43 debug: cursor is greater than 0
2025/01/22 19:29:44 Update ran
2025/01/22 19:29:44 down was pressed
2025/01/22 19:29:44 debug: cursor %d 0
2025/01/22 19:29:44 debug: cursor is less than length of options
2025/01/22 19:29:44 Update ran
2025/01/22 19:29:44 up was pressed
2025/01/22 19:29:44 debug: cursor %d 1
2025/01/22 19:29:44 debug: cursor is greater than 0
2025/01/22 19:29:44 Update ran
2025/01/22 19:29:44 down was pressed
2025/01/22 19:29:44 debug: cursor %d 0
2025/01/22 19:29:44 debug: cursor is less than length of options
2025/01/22 19:29:44 Update ran
2025/01/22 19:29:44 up was pressed
2025/01/22 19:29:44 debug: cursor %d 1
2025/01/22 19:29:44 debug: cursor is greater than 0
2025/01/22 19:29:45 Update ran
2025/01/22 19:29:45 down was pressed
2025/01/22 19:29:45 debug: cursor %d 0
2025/01/22 19:29:45 debug: cursor is less than length of options
2025/01/22 19:29:45 Update ran
2025/01/22 19:29:45 up was pressed
2025/01/22 19:29:45 debug: cursor %d 1
2025/01/22 19:29:45 debug: cursor is greater than 0
2025/01/22 19:29:45 Update ran
2025/01/22 19:29:45 down was pressed
2025/01/22 19:29:45 debug: cursor %d 0
2025/01/22 19:29:45 debug: cursor is less than length of options
2025/01/22 19:29:46 Update ran
2025/01/22 19:29:46 up was pressed
2025/01/22 19:29:46 debug: cursor %d 1
2025/01/22 19:29:46 debug: cursor is greater than 0
2025/01/22 19:29:46 Update ran
2025/01/22 19:29:46 down was pressed
2025/01/22 19:29:46 debug: cursor %d 0
2025/01/22 19:29:46 debug: cursor is less than length of options
2025/01/22 19:29:46 Update ran
2025/01/22 19:29:46 up was pressed
2025/01/22 19:29:46 debug: cursor %d 1
2025/01/22 19:29:46 debug: cursor is greater than 0
2025/01/22 19:29:47 Update ran
2025/01/22 19:29:47 down was pressed
2025/01/22 19:29:47 debug: cursor %d 0
2025/01/22 19:29:47 debug: cursor is less than length of options
2025/01/22 19:29:47 Update ran
2025/01/22 19:29:47 up was pressed
2025/01/22 19:29:47 debug: cursor %d 1
2025/01/22 19:29:47 debug: cursor is greater than 0
2025/01/22 19:29:47 Update ran
2025/01/22 19:29:47 down was pressed
2025/01/22 19:29:47 debug: cursor %d 0
2025/01/22 19:29:47 debug: cursor is less than length of options
2025/01/22 19:29:47 Update ran
2025/01/22 19:29:47 up was pressed
2025/01/22 19:29:47 debug: cursor %d 1
2025/01/22 19:29:47 debug: cursor is greater than 0
2025/01/22 19:29:48 Update ran
2025/01/22 19:29:48 down was pressed
2025/01/22 19:29:48 debug: cursor %d 0
2025/01/22 19:29:48 debug: cursor is less than length of options
2025/01/22 19:29:48 Update ran
2025/01/22 19:29:48 up was pressed
2025/01/22 19:29:48 debug: cursor %d 1
2025/01/22 19:29:48 debug: cursor is greater than 0
2025/01/22 19:29:48 Update ran
2025/01/22 19:29:48 down was pressed
2025/01/22 19:29:48 debug: cursor %d 0
2025/01/22 19:29:48 debug: cursor is less than length of options
2025/01/22 19:29:48 Update ran
2025/01/22 19:29:48 up was pressed
2025/01/22 19:29:48 debug: cursor %d 1
2025/01/22 19:29:48 debug: cursor is greater than 0
2025/01/22 19:29:49 Update ran
2025/01/22 19:29:49 down was pressed
2025/01/22 19:29:49 debug: cursor %d 0
2025/01/22 19:29:49 debug: cursor is less than length of options
2025/01/22 19:29:49 Update ran
2025/01/22 19:29:49 up was pressed
2025/01/22 19:29:49 debug: cursor %d 1
2025/01/22 19:29:49 debug: cursor is greater than 0
2025/01/22 19:29:49 Update ran
2025/01/22 19:29:49 down was pressed
2025/01/22 19:29:49 debug: cursor %d 0
2025/01/22 19:29:49 debug: cursor is less than length of options
2025/01/22 19:29:49 Update ran
2025/01/22 19:29:49 up was pressed
2025/01/22 19:29:49 debug: cursor %d 1
2025/01/22 19:29:49 debug: cursor is greater than 0
2025/01/22 19:29:50 Update ran
2025/01/22 19:29:50 up was pressed
2025/01/22 19:29:50 debug: cursor %d 0
2025/01/22 19:29:50 Update ran
2025/01/22 19:29:50 down was pressed
2025/01/22 19:29:50 debug: cursor %d 0
2025/01/22 19:29:50 debug: cursor is less than length of options
2025/01/22 19:29:50 Update ran
2025/01/22 19:29:50 up was pressed
2025/01/22 19:29:50 debug: cursor %d 1
2025/01/22 19:29:50 debug: cursor is greater than 0
2025/01/22 19:29:50 Update ran
2025/01/22 19:29:50 down was pressed
2025/01/22 19:29:50 debug: cursor %d 0
2025/01/22 19:29:50 debug: cursor is less than length of options
2025/01/22 19:29:51 Update ran
2025/01/22 19:29:51 up was pressed
2025/01/22 19:29:51 debug: cursor %d 1
2025/01/22 19:29:51 debug: cursor is greater than 0
2025/01/22 19:29:51 Update ran
2025/01/22 19:29:51 down was pressed
2025/01/22 19:29:51 debug: cursor %d 0
2025/01/22 19:29:51 debug: cursor is less than length of options
2025/01/22 19:29:51 Update ran
2025/01/22 19:29:51 up was pressed
2025/01/22 19:29:51 debug: cursor %d 1
2025/01/22 19:29:51 debug: cursor is greater than 0
2025/01/22 19:29:52 Update ran
2025/01/22 19:29:52 down was pressed
2025/01/22 19:29:52 debug: cursor %d 0
2025/01/22 19:29:52 debug: cursor is less than length of options
2025/01/22 19:29:52 Update ran
2025/01/22 19:29:52 up was pressed
2025/01/22 19:29:52 debug: cursor %d 1
2025/01/22 19:29:52 debug: cursor is greater than 0
2025/01/22 19:29:53 Update ran
2025/01/22 19:29:53 down was pressed
2025/01/22 19:29:53 debug: cursor %d 0
2025/01/22 19:29:53 debug: cursor is less than length of options
2025/01/22 19:29:53 Update ran
2025/01/22 19:29:53 up was pressed
2025/01/22 19:29:53 debug: cursor %d 1
2025/01/22 19:29:53 debug: cursor is greater than 0
2025/01/22 19:29:53 Update ran
2025/01/22 19:29:53 down was pressed
2025/01/22 19:29:53 debug: cursor %d 0
2025/01/22 19:29:53 debug: cursor is less than length of options
2025/01/22 19:29:53 Update ran
2025/01/22 19:29:53 up was pressed
2025/01/22 19:29:53 debug: cursor %d 1
2025/01/22 19:29:53 debug: cursor is greater than 0
2025/01/22 19:29:53 Update ran
2025/01/22 19:29:53 down was pressed
2025/01/22 19:29:53 debug: cursor %d 0
2025/01/22 19:29:53 debug: cursor is less than length of options
2025/01/22 19:29:53 Update ran
2025/01/22 19:29:53 up was pressed
2025/01/22 19:29:53 debug: cursor %d 1
2025/01/22 19:29:53 debug: cursor is greater than 0
2025/01/22 19:29:54 Update ran
2025/01/22 19:29:54 down was pressed
2025/01/22 19:29:54 debug: cursor %d 0
2025/01/22 19:29:54 debug: cursor is less than length of options
2025/01/22 19:29:54 Update ran
2025/01/22 19:29:54 up was pressed
2025/01/22 19:29:54 debug: cursor %d 1
2025/01/22 19:29:54 debug: cursor is greater than 0
2025/01/22 19:29:54 Update ran
2025/01/22 19:29:54 down was pressed
2025/01/22 19:29:54 debug: cursor %d 0
2025/01/22 19:29:54 debug: cursor is less than length of options
2025/01/22 19:29:54 Update ran
2025/01/22 19:29:54 up was pressed
2025/01/22 19:29:54 debug: cursor %d 1
2025/01/22 19:29:54 debug: cursor is greater than 0
2025/01/22 19:29:54 Update ran
2025/01/22 19:29:54 down was pressed
2025/01/22 19:29:54 debug: cursor %d 0
2025/01/22 19:29:54 debug: cursor is less than length of options
2025/01/22 19:29:55 Update ran
2025/01/22 19:29:55 up was pressed
2025/01/22 19:29:55 debug: cursor %d 1
2025/01/22 19:29:55 debug: cursor is greater than 0
2025/01/22 19:29:55 Update ran
2025/01/22 19:29:55 down was pressed
2025/01/22 19:29:55 debug: cursor %d 0
2025/01/22 19:29:55 debug: cursor is less than length of options
2025/01/22 19:29:55 Update ran
2025/01/22 19:29:55 up was pressed
2025/01/22 19:29:55 debug: cursor %d 1
2025/01/22 19:29:55 debug: cursor is greater than 0
2025/01/22 19:29:55 Update ran
2025/01/22 19:29:55 down was pressed
2025/01/22 19:29:55 debug: cursor %d 0
2025/01/22 19:29:55 debug: cursor is less than length of options
2025/01/22 19:46:30 Update ran
2025/01/22 19:51:30 making moves
2025/01/22 19:51:30 Update ran
2025/01/22 19:51:30 Update ran
2025/01/22 19:51:30 Update ran
2025/01/22 19:51:34 Update ran
2025/01/22 19:51:34 down was pressed
2025/01/22 19:51:34 debug: cursor %d 0
2025/01/22 19:51:34 debug: cursor is less than length of options
2025/01/22 19:51:34 Update ran
2025/01/22 19:51:34 up was pressed
2025/01/22 19:51:34 debug: cursor %d 1
2025/01/22 19:51:34 debug: cursor is greater than 0
2025/01/22 19:51:34 Update ran
2025/01/22 19:51:34 down was pressed
2025/01/22 19:51:34 debug: cursor %d 0
2025/01/22 19:51:34 debug: cursor is less than length of options
2025/01/22 19:51:35 Update ran
2025/01/22 19:51:35 up was pressed
2025/01/22 19:51:35 debug: cursor %d 1
2025/01/22 19:51:35 debug: cursor is greater than 0
2025/01/22 19:51:35 Update ran
2025/01/22 19:51:35 down was pressed
2025/01/22 19:51:35 debug: cursor %d 0
2025/01/22 19:51:35 debug: cursor is less than length of options
2025/01/22 19:51:35 Update ran
2025/01/22 19:51:35 up was pressed
2025/01/22 19:51:35 debug: cursor %d 1
2025/01/22 19:51:35 debug: cursor is greater than 0
2025/01/22 19:51:35 Update ran
2025/01/22 19:51:35 down was pressed
2025/01/22 19:51:35 debug: cursor %d 0
2025/01/22 19:51:35 debug: cursor is less than length of options
2025/01/22 19:51:35 Update ran
2025/01/22 19:51:35 up was pressed
2025/01/22 19:51:35 debug: cursor %d 1
2025/01/22 19:51:35 debug: cursor is greater than 0
2025/01/22 19:51:36 Update ran
2025/01/22 19:51:36 down was pressed
2025/01/22 19:51:36 debug: cursor %d 0
2025/01/22 19:51:36 debug: cursor is less than length of options
2025/01/22 19:51:36 Update ran
2025/01/22 19:51:36 up was pressed
2025/01/22 19:51:36 debug: cursor %d 1
2025/01/22 19:51:36 debug: cursor is greater than 0
2025/01/22 19:51:36 Update ran
2025/01/22 19:51:36 down was pressed
2025/01/22 19:51:36 debug: cursor %d 0
2025/01/22 19:51:36 debug: cursor is less than length of options
2025/01/22 19:51:36 Update ran
2025/01/22 19:51:36 up was pressed
2025/01/22 19:51:36 debug: cursor %d 1
2025/01/22 19:51:36 debug: cursor is greater than 0
2025/01/22 19:51:36 Update ran
2025/01/22 19:51:36 down was pressed
2025/01/22 19:51:36 debug: cursor %d 0
2025/01/22 19:51:36 debug: cursor is less than length of options
2025/01/22 19:51:37 Update ran
2025/01/22 19:51:37 up was pressed
2025/01/22 19:51:37 debug: cursor %d 1
2025/01/22 19:51:37 debug: cursor is greater than 0
2025/01/22 19:51:37 Update ran
2025/01/22 19:51:37 down was pressed
2025/01/22 19:51:37 debug: cursor %d 0
2025/01/22 19:51:37 debug: cursor is less than length of options
2025/01/22 19:51:37 Update ran
2025/01/22 19:51:37 up was pressed
2025/01/22 19:51:37 debug: cursor %d 1
2025/01/22 19:51:37 debug: cursor is greater than 0
2025/01/22 19:51:37 Update ran
2025/01/22 19:51:37 down was pressed
2025/01/22 19:51:37 debug: cursor %d 0
2025/01/22 19:51:37 debug: cursor is less than length of options
2025/01/22 19:51:38 Update ran
2025/01/22 20:09:07 making moves
2025/01/22 20:09:07 Update ran
2025/01/22 20:09:07 Update ran
2025/01/22 20:09:07 Update ran
2025/01/22 20:09:08 Update ran
2025/01/22 20:09:08 down was pressed
2025/01/22 20:09:08 debug: cursor %d 0
2025/01/22 20:09:08 debug: cursor is less than length of options
2025/01/22 20:09:09 Update ran
2025/01/22 20:09:09 up was pressed
2025/01/22 20:09:09 debug: cursor %d 1
2025/01/22 20:09:09 debug: cursor is greater than 0
2025/01/22 20:09:09 Update ran
2025/01/22 20:09:09 down was pressed
2025/01/22 20:09:09 debug: cursor %d 0
2025/01/22 20:09:09 debug: cursor is less than length of options
2025/01/22 20:09:09 Update ran
2025/01/22 20:09:09 up was pressed
2025/01/22 20:09:09 debug: cursor %d 1
2025/01/22 20:09:09 debug: cursor is greater than 0
2025/01/22 20:09:09 Update ran
2025/01/22 20:09:09 down was pressed
2025/01/22 20:09:09 debug: cursor %d 0
2025/01/22 20:09:09 debug: cursor is less than length of options
2025/01/22 20:09:10 Update ran
2025/01/22 20:09:10 up was pressed
2025/01/22 20:09:10 debug: cursor %d 1
2025/01/22 20:09:10 debug: cursor is greater than 0
2025/01/22 20:09:10 Update ran
2025/01/22 20:09:10 down was pressed
2025/01/22 20:09:10 debug: cursor %d 0
2025/01/22 20:09:10 debug: cursor is less than length of options
2025/01/22 20:09:10 Update ran
2025/01/22 20:09:10 up was pressed
2025/01/22 20:09:10 debug: cursor %d 1
2025/01/22 20:09:10 debug: cursor is greater than 0
2025/01/22 20:09:10 Update ran
2025/01/22 20:09:10 down was pressed
2025/01/22 20:09:10 debug: cursor %d 0
2025/01/22 20:09:10 debug: cursor is less than length of options
2025/01/22 20:09:11 Update ran
2025/01/22 20:09:11 up was pressed
2025/01/22 20:09:11 debug: cursor %d 1
2025/01/22 20:09:11 debug: cursor is greater than 0
2025/01/22 20:09:14 Update ran
2025/02/25 22:37:58 making moves
2025/02/25 22:37:58 Update ran
2025/02/25 22:37:58 Update ran
2025/02/25 22:37:58 Update ran
2025/02/25 22:38:00 Update ran
2025/02/25 22:38:00 down was pressed
2025/02/25 22:38:00 debug: cursor %d 0
2025/02/25 22:38:00 debug: cursor is less than length of options
2025/02/25 22:38:00 Update ran
2025/02/25 22:38:00 up was pressed
2025/02/25 22:38:00 debug: cursor %d 1
2025/02/25 22:38:00 debug: cursor is greater than 0
2025/02/25 22:38:51 Update ran
2025/02/25 22:38:51 enter was pressed
2025/02/25 22:38:52 Update ran
2025/02/25 22:38:52 down was pressed
2025/02/25 22:38:52 debug: cursor %d 0
2025/02/25 22:38:52 debug: cursor is less than length of options
2025/02/25 22:38:53 Update ran
2025/02/25 22:38:53 enter was pressed
2025/02/25 22:38:55 Update ran
2025/02/25 22:38:55 up was pressed
2025/02/25 22:38:55 debug: cursor %d 1
2025/02/25 22:38:55 debug: cursor is greater than 0
2025/02/25 22:38:55 Update ran
2025/02/25 22:38:55 down was pressed
2025/02/25 22:38:55 debug: cursor %d 0
2025/02/25 22:38:55 debug: cursor is less than length of options
2025/02/25 22:38:55 Update ran
2025/02/25 22:38:55 up was pressed
2025/02/25 22:38:55 debug: cursor %d 1
2025/02/25 22:38:55 debug: cursor is greater than 0
2025/02/25 22:38:55 Update ran
2025/02/25 22:38:55 down was pressed
2025/02/25 22:38:55 debug: cursor %d 0
2025/02/25 22:38:55 debug: cursor is less than length of options
2025/02/25 22:38:56 Update ran
2025/02/25 22:38:56 up was pressed
2025/02/25 22:38:56 debug: cursor %d 1
2025/02/25 22:38:56 debug: cursor is greater than 0
2025/02/25 22:38:56 Update ran
2025/02/25 22:38:56 down was pressed
2025/02/25 22:38:56 debug: cursor %d 0
2025/02/25 22:38:56 debug: cursor is less than length of options
2025/02/25 22:38:56 Update ran
2025/02/25 22:38:56 up was pressed
2025/02/25 22:38:56 debug: cursor %d 1
2025/02/25 22:38:56 debug: cursor is greater than 0
2025/02/25 22:38:56 Update ran
2025/02/25 22:38:56 down was pressed
2025/02/25 22:38:56 debug: cursor %d 0
2025/02/25 22:38:56 debug: cursor is less than length of options
2025/02/25 22:38:56 Update ran
2025/02/25 22:38:56 up was pressed
2025/02/25 22:38:56 debug: cursor %d 1
2025/02/25 22:38:56 debug: cursor is greater than 0
2025/02/25 22:38:57 Update ran
2025/02/25 22:38:57 down was pressed
2025/02/25 22:38:57 debug: cursor %d 0
2025/02/25 22:38:57 debug: cursor is less than length of options
2025/02/25 22:41:17 Update ran
2025/02/25 22:41:19 making moves
2025/02/25 22:41:19 Update ran
2025/02/25 22:41:19 200
2025/02/25 22:41:19 Update ran
2025/02/25 22:41:19 Update ran
2025/02/25 22:41:41 Update ran
2025/02/25 22:41:41 Update ran
2025/02/25 22:41:45 Update ran
2025/02/25 22:41:45 Update ran
2025/02/25 22:41:48 Update ran
2025/02/25 22:41:48 down was pressed
2025/02/25 22:41:48 debug: cursor %d 0
2025/02/25 22:41:48 debug: cursor is less than length of options
2025/02/25 22:41:48 Update ran
2025/02/25 22:41:48 up was pressed
2025/02/25 22:41:48 debug: cursor %d 1
2025/02/25 22:41:48 debug: cursor is greater than 0
2025/02/25 22:41:49 Update ran
2025/02/25 22:41:49 down was pressed
2025/02/25 22:41:49 debug: cursor %d 0
2025/02/25 22:41:49 debug: cursor is less than length of options
2025/02/25 22:41:49 Update ran
2025/02/25 22:42:00 making moves
2025/02/25 22:42:00 Update ran
2025/02/25 22:42:00 &{0x507d80 0xc00032c040 0x643020}
2025/02/25 22:42:00 Update ran
2025/02/25 22:42:00 Update ran
2025/02/25 22:44:09 Update ran
2025/02/25 22:44:11 making moves
2025/02/25 22:44:11 Update ran
2025/02/25 22:44:11 FOO DOG YO
2025/02/25 22:44:11 Update ran
2025/02/25 22:44:11 Update ran
2025/02/25 22:44:26 Update ran
2025/02/25 22:44:26 down was pressed
2025/02/25 22:44:26 debug: cursor %d 0
2025/02/25 22:44:26 debug: cursor is less than length of options
2025/02/25 22:44:27 Update ran
